This file contains any messages produced by compilers while
running configure, to aid debugging if configure makes a mistake.

It was created by FreeType configure 2.9, which was
generated by GNU Autoconf 2.71.  Invocation command line was

  $ ./configure --prefix=/home/uae/uae/bgmra/OSD/freetype2/freetype-2.9/install

## --------- ##
## Platform. ##
## --------- ##

hostname = HTPH4Y2-2
uname -m = x86_64
uname -r = 5.15.167.4-microsoft-standard-WSL2
uname -s = Linux
uname -v = #1 SMP Tue Nov 5 00:21:55 UTC 2024

/usr/bin/uname -p = x86_64
/bin/uname -X     = unknown

/bin/arch              = x86_64
/usr/bin/arch -k       = unknown
/usr/convex/getsysinfo = unknown
/usr/bin/hostinfo      = unknown
/bin/machine           = unknown
/usr/bin/oslevel       = unknown
/bin/universe          = unknown

PATH: /home/uae/.vscode-server-insiders/bin/984a65113ef245fa4a0e4184621272da0b031f5f/bin/remote-cli/
PATH: /usr/local/sbin/
PATH: /usr/local/bin/
PATH: /usr/sbin/
PATH: /usr/bin/
PATH: /sbin/
PATH: /bin/
PATH: /usr/games/
PATH: /usr/local/games/
PATH: /usr/lib/wsl/lib/
PATH: /mnt/d/Program Files (x86)/VMware/VMware Workstation/bin/
PATH: /mnt/c/WINDOWS/system32/
PATH: /mnt/c/WINDOWS/
PATH: /mnt/c/WINDOWS/System32/Wbem/
PATH: /mnt/c/WINDOWS/System32/WindowsPowerShell/v1.0/
PATH: /mnt/c/WINDOWS/System32/OpenSSH/
PATH: /mnt/c/Program Files/Bandizip/
PATH: /mnt/d/Program Files/Wireshark/
PATH: /mnt/c/Program Files/Git/cmd/
PATH: /mnt/c/Program Files/Microsoft SQL Server/150/Tools/Binn/
PATH: /mnt/c/Program Files/Microsoft Visual Studio/2022/Enterprise/VC/Tools/MSVC/14.40.33807/bin/
PATH: /mnt/c/Program Files/Microsoft Visual Studio/2022/Enterprise/VC/Tools/Llvm/bin/
PATH: /mnt/c/Program Files/WinMerge/
PATH: /mnt/c/Program Files/dotnet/
PATH: /mnt/c/Program Files (x86)/Windows Kits/10/Windows Performance Toolkit/
PATH: /mnt/c/Program Files/Microsoft VS Code Insiders/bin/
PATH: /mnt/c/Program Files/WezTerm/
PATH: /mnt/c/Users/14423/AppData/Local/Programs/Python/Python39/Scripts/
PATH: /mnt/c/Users/14423/AppData/Local/Programs/Python/Python39/
PATH: /mnt/c/Users/14423/AppData/Local/Microsoft/WindowsApps/
PATH: /mnt/c/Users/14423/AppData/Local/JetBrains/Toolbox/scripts/
PATH: /mnt/c/Users/14423/AppData/Local/Microsoft/WindowsApps/
PATH: /mnt/c/Users/14423/AppData/Local/Programs/Microsoft VS Code/bin/
PATH: /mnt/c/Program Files (x86)/Nmap/
PATH: /home/uae/.local/bin/
PATH: /home/uae/.local/bin/


## ----------- ##
## Core tests. ##
## ----------- ##

configure:2727: looking for aux files: install-sh ltmain.sh config.guess config.sub
configure:2740:  trying ./
configure:2751:   ./install-sh found
configure:2769:   ./ltmain.sh found
configure:2769:   ./config.guess found
configure:2769:   ./config.sub found
configure:2900: checking build system type
configure:2915: result: x86_64-pc-linux-gnu
configure:2935: checking host system type
configure:2949: result: x86_64-pc-linux-gnu
configure:3035: checking for gcc
configure:3056: found /usr/bin/gcc
configure:3067: result: gcc
configure:3420: checking for C compiler version
configure:3429: gcc --version >&5
gcc (Ubuntu 11.4.0-1ubuntu1~22.04) 11.4.0
Copyright (C) 2021 Free Software Foundation, Inc.
This is free software; see the source for copying conditions.  There is NO
warranty; not even for MERCHANTABILITY or FITNESS FOR A PARTICULAR PURPOSE.

configure:3440: $? = 0
configure:3429: gcc -v >&5
Using built-in specs.
COLLECT_GCC=gcc
COLLECT_LTO_WRAPPER=/usr/lib/gcc/x86_64-linux-gnu/11/lto-wrapper
OFFLOAD_TARGET_NAMES=nvptx-none:amdgcn-amdhsa
OFFLOAD_TARGET_DEFAULT=1
Target: x86_64-linux-gnu
Configured with: ../src/configure -v --with-pkgversion='Ubuntu 11.4.0-1ubuntu1~22.04' --with-bugurl=file:///usr/share/doc/gcc-11/README.Bugs --enable-languages=c,ada,c++,go,brig,d,fortran,objc,obj-c++,m2 --prefix=/usr --with-gcc-major-version-only --program-suffix=-11 --program-prefix=x86_64-linux-gnu- --enable-shared --enable-linker-build-id --libexecdir=/usr/lib --without-included-gettext --enable-threads=posix --libdir=/usr/lib --enable-nls --enable-bootstrap --enable-clocale=gnu --enable-libstdcxx-debug --enable-libstdcxx-time=yes --with-default-libstdcxx-abi=new --enable-gnu-unique-object --disable-vtable-verify --enable-plugin --enable-default-pie --with-system-zlib --enable-libphobos-checking=release --with-target-system-zlib=auto --enable-objc-gc=auto --enable-multiarch --disable-werror --enable-cet --with-arch-32=i686 --with-abi=m64 --with-multilib-list=m32,m64,mx32 --enable-multilib --with-tune=generic --enable-offload-targets=nvptx-none=/build/gcc-11-XeT9lY/gcc-11-11.4.0/debian/tmp-nvptx/usr,amdgcn-amdhsa=/build/gcc-11-XeT9lY/gcc-11-11.4.0/debian/tmp-gcn/usr --without-cuda-driver --enable-checking=release --build=x86_64-linux-gnu --host=x86_64-linux-gnu --target=x86_64-linux-gnu --with-build-config=bootstrap-lto-lean --enable-link-serialization=2
Thread model: posix
Supported LTO compression algorithms: zlib zstd
gcc version 11.4.0 (Ubuntu 11.4.0-1ubuntu1~22.04) 
... rest of stderr output deleted ...
configure:3440: $? = 0
configure:3429: gcc -V >&5
gcc: error: unrecognized command-line option '-V'
gcc: fatal error: no input files
compilation terminated.
configure:3440: $? = 1
configure:3429: gcc -qversion >&5
gcc: error: unrecognized command-line option '-qversion'; did you mean '--version'?
gcc: fatal error: no input files
compilation terminated.
configure:3440: $? = 1
configure:3429: gcc -version >&5
gcc: error: unrecognized command-line option '-version'
gcc: fatal error: no input files
compilation terminated.
configure:3440: $? = 1
configure:3460: checking whether the C compiler works
configure:3482: gcc    conftest.c  >&5
configure:3486: $? = 0
configure:3536: result: yes
configure:3539: checking for C compiler default output file name
configure:3541: result: a.out
configure:3547: checking for suffix of executables
configure:3554: gcc -o conftest    conftest.c  >&5
configure:3558: $? = 0
configure:3581: result: 
configure:3603: checking whether we are cross compiling
configure:3611: gcc -o conftest    conftest.c  >&5
configure:3615: $? = 0
configure:3622: ./conftest
configure:3626: $? = 0
configure:3641: result: no
configure:3646: checking for suffix of object files
configure:3669: gcc -c   conftest.c >&5
configure:3673: $? = 0
configure:3695: result: o
configure:3699: checking whether the compiler supports GNU C
configure:3719: gcc -c   conftest.c >&5
configure:3719: $? = 0
configure:3729: result: yes
configure:3740: checking whether gcc accepts -g
configure:3761: gcc -c -g  conftest.c >&5
configure:3761: $? = 0
configure:3805: result: yes
configure:3825: checking for gcc option to enable C11 features
configure:3840: gcc  -c -g -O2  conftest.c >&5
configure:3840: $? = 0
configure:3858: result: none needed
configure:3973: checking how to run the C preprocessor
configure:3999: gcc -E  conftest.c
configure:3999: $? = 0
configure:4014: gcc -E  conftest.c
conftest.c:9:10: fatal error: ac_nonexistent.h: No such file or directory
    9 | #include <ac_nonexistent.h>
      |          ^~~~~~~~~~~~~~~~~~
compilation terminated.
configure:4014: $? = 1
configure: failed program was:
| /* confdefs.h */
| #define PACKAGE_NAME "FreeType"
| #define PACKAGE_TARNAME "freetype"
| #define PACKAGE_VERSION "2.9"
| #define PACKAGE_STRING "FreeType 2.9"
| #define PACKAGE_BUGREPORT "freetype@nongnu.org"
| #define PACKAGE_URL ""
| /* end confdefs.h.  */
| #include <ac_nonexistent.h>
configure:4041: result: gcc -E
configure:4055: gcc -E  conftest.c
configure:4055: $? = 0
configure:4070: gcc -E  conftest.c
conftest.c:9:10: fatal error: ac_nonexistent.h: No such file or directory
    9 | #include <ac_nonexistent.h>
      |          ^~~~~~~~~~~~~~~~~~
compilation terminated.
configure:4070: $? = 1
configure: failed program was:
| /* confdefs.h */
| #define PACKAGE_NAME "FreeType"
| #define PACKAGE_TARNAME "freetype"
| #define PACKAGE_VERSION "2.9"
| #define PACKAGE_STRING "FreeType 2.9"
| #define PACKAGE_BUGREPORT "freetype@nongnu.org"
| #define PACKAGE_URL ""
| /* end confdefs.h.  */
| #include <ac_nonexistent.h>
configure:4161: checking for pkg-config
configure:4184: found /usr/bin/pkg-config
configure:4196: result: /usr/bin/pkg-config
configure:4221: checking pkg-config is at least version 0.24
configure:4224: result: yes
configure:4281: checking how to print strings
configure:4308: result: printf
configure:4329: checking for a sed that does not truncate output
configure:4399: result: /usr/bin/sed
configure:4417: checking for grep that handles long lines and -e
configure:4481: result: /usr/bin/grep
configure:4486: checking for egrep
configure:4554: result: /usr/bin/grep -E
configure:4559: checking for fgrep
configure:4627: result: /usr/bin/grep -F
configure:4663: checking for ld used by gcc
configure:4731: result: /usr/bin/ld
configure:4738: checking if the linker (/usr/bin/ld) is GNU ld
configure:4754: result: yes
configure:4766: checking for BSD- or MS-compatible name lister (nm)
configure:4821: result: /usr/bin/nm -B
configure:4961: checking the name lister (/usr/bin/nm -B) interface
configure:4969: gcc -c -g -O2  conftest.c >&5
configure:4972: /usr/bin/nm -B "conftest.o"
configure:4975: output
0000000000000000 B some_variable
configure:4982: result: BSD nm
configure:4985: checking whether ln -s works
configure:4989: result: yes
configure:4997: checking the maximum length of command line arguments
configure:5129: result: 1572864
configure:5177: checking how to convert x86_64-pc-linux-gnu file names to x86_64-pc-linux-gnu format
configure:5218: result: func_convert_file_noop
configure:5225: checking how to convert x86_64-pc-linux-gnu file names to toolchain format
configure:5246: result: func_convert_file_noop
configure:5253: checking for /usr/bin/ld option to reload object files
configure:5261: result: -r
configure:5340: checking for objdump
configure:5361: found /usr/bin/objdump
configure:5372: result: objdump
configure:5401: checking how to recognize dependent libraries
configure:5602: result: pass_all
configure:5692: checking for dlltool
configure:5727: result: no
configure:5754: checking how to associate runtime and link libraries
configure:5782: result: printf %s\n
configure:5848: checking for ar
configure:5869: found /usr/bin/ar
configure:5880: result: ar
configure:5917: checking for archiver @FILE support
configure:5935: gcc -c -g -O2  conftest.c >&5
configure:5935: $? = 0
configure:5939: ar cr libconftest.a @conftest.lst >&5
configure:5942: $? = 0
configure:5947: ar cr libconftest.a @conftest.lst >&5
ar: conftest.o: No such file or directory
configure:5950: $? = 1
configure:5962: result: @
configure:6025: checking for strip
configure:6046: found /usr/bin/strip
configure:6057: result: strip
configure:6134: checking for ranlib
configure:6155: found /usr/bin/ranlib
configure:6166: result: ranlib
configure:6243: checking for gawk
configure:6264: found /usr/bin/gawk
configure:6275: result: gawk
configure:6315: checking command to parse /usr/bin/nm -B output from gcc object
configure:6469: gcc -c -g -O2  conftest.c >&5
configure:6472: $? = 0
configure:6476: /usr/bin/nm -B conftest.o | sed -n -e 's/^.*[	 ]\([ABCDGIRSTW][ABCDGIRSTW]*\)[	 ][	 ]*\([_A-Za-z][_A-Za-z0-9]*\)$/\1 \2 \2/p' | sed '/ __gnu_lto/d' > conftest.nm
configure:6542: gcc -o conftest -g -O2   conftest.c conftstm.o >&5
configure:6545: $? = 0
configure:6583: result: ok
configure:6630: checking for sysroot
configure:6661: result: no
configure:6668: checking for a working dd
configure:6712: result: /usr/bin/dd
configure:6716: checking how to truncate binary pipes
configure:6732: result: /usr/bin/dd bs=4096 count=1
configure:6869: gcc -c -g -O2  conftest.c >&5
configure:6872: $? = 0
configure:7069: checking for mt
configure:7090: found /usr/bin/mt
configure:7101: result: mt
configure:7124: checking if mt is a manifest tool
configure:7131: mt '-?'
configure:7139: result: no
configure:7869: checking for stdio.h
configure:7869: gcc -c -g -O2  conftest.c >&5
configure:7869: $? = 0
configure:7869: result: yes
configure:7869: checking for stdlib.h
configure:7869: gcc -c -g -O2  conftest.c >&5
configure:7869: $? = 0
configure:7869: result: yes
configure:7869: checking for string.h
configure:7869: gcc -c -g -O2  conftest.c >&5
configure:7869: $? = 0
configure:7869: result: yes
configure:7869: checking for inttypes.h
configure:7869: gcc -c -g -O2  conftest.c >&5
configure:7869: $? = 0
configure:7869: result: yes
configure:7869: checking for stdint.h
configure:7869: gcc -c -g -O2  conftest.c >&5
configure:7869: $? = 0
configure:7869: result: yes
configure:7869: checking for strings.h
configure:7869: gcc -c -g -O2  conftest.c >&5
configure:7869: $? = 0
configure:7869: result: yes
configure:7869: checking for sys/stat.h
configure:7869: gcc -c -g -O2  conftest.c >&5
configure:7869: $? = 0
configure:7869: result: yes
configure:7869: checking for sys/types.h
configure:7869: gcc -c -g -O2  conftest.c >&5
configure:7869: $? = 0
configure:7869: result: yes
configure:7869: checking for unistd.h
configure:7869: gcc -c -g -O2  conftest.c >&5
configure:7869: $? = 0
configure:7869: result: yes
configure:7869: checking for sys/param.h
configure:7869: gcc -c -g -O2  conftest.c >&5
configure:7869: $? = 0
configure:7869: result: yes
configure:7894: checking for dlfcn.h
configure:7894: gcc -c -g -O2  conftest.c >&5
configure:7894: $? = 0
configure:7894: result: yes
configure:8481: checking for objdir
configure:8497: result: .libs
configure:8757: checking if gcc supports -fno-rtti -fno-exceptions
configure:8776: gcc -c -g -O2  -fno-rtti -fno-exceptions conftest.c >&5
cc1: warning: command-line option '-fno-rtti' is valid for C++/D/ObjC++ but not for C
configure:8780: $? = 0
configure:8793: result: no
configure:9157: checking for gcc option to produce PIC
configure:9165: result: -fPIC -DPIC
configure:9173: checking if gcc PIC flag -fPIC -DPIC works
configure:9192: gcc -c -g -O2  -fPIC -DPIC -DPIC conftest.c >&5
configure:9196: $? = 0
configure:9209: result: yes
configure:9238: checking if gcc static flag -static works
configure:9267: result: yes
configure:9282: checking if gcc supports -c -o file.o
configure:9304: gcc -c -g -O2  -o out/conftest2.o conftest.c >&5
configure:9308: $? = 0
configure:9330: result: yes
configure:9338: checking if gcc supports -c -o file.o
configure:9386: result: yes
configure:9419: checking whether the gcc linker (/usr/bin/ld -m elf_x86_64) supports shared libraries
configure:10689: result: yes
configure:10726: checking whether -lc should be explicitly linked in
configure:10735: gcc -c -g -O2  conftest.c >&5
configure:10738: $? = 0
configure:10753: gcc -shared  -fPIC -DPIC conftest.o  -v -Wl,-soname -Wl,conftest -o conftest 2\>\&1 \| /usr/bin/grep  -lc  \>/dev/null 2\>\&1
configure:10756: $? = 0
configure:10770: result: no
configure:10930: checking dynamic linker characteristics
configure:11512: gcc -o conftest -g -O2   -Wl,-rpath -Wl,/foo conftest.c  >&5
configure:11512: $? = 0
configure:11763: result: GNU/Linux ld.so
configure:11885: checking how to hardcode library paths into programs
configure:11910: result: immediate
configure:12462: checking whether stripping libraries is possible
configure:12467: result: yes
configure:12502: checking if libtool supports shared libraries
configure:12504: result: yes
configure:12507: checking whether to build shared libraries
configure:12532: result: yes
configure:12535: checking whether to build static libraries
configure:12539: result: yes
configure:12771: checking for a BSD-compatible install
configure:12844: result: /usr/bin/install -c
configure:12864: checking for a race-free mkdir -p
configure:12908: result: /usr/bin/mkdir -p
configure:12925: checking for egrep
configure:12993: result: /usr/bin/grep -E
configure:12999: checking for fcntl.h
configure:12999: gcc -c -g -O2  conftest.c >&5
configure:12999: $? = 0
configure:12999: result: yes
configure:13005: checking for unistd.h
configure:13005: result: yes
configure:13016: checking for an ANSI C-conforming const
configure:13083: gcc -c -g -O2  conftest.c >&5
configure:13083: $? = 0
configure:13091: result: yes
configure:13103: checking size of int
configure:13109: gcc -o conftest -g -O2   conftest.c  >&5
configure:13109: $? = 0
configure:13109: ./conftest
configure:13109: $? = 0
configure:13124: result: 4
configure:13136: checking size of long
configure:13142: gcc -o conftest -g -O2   conftest.c  >&5
configure:13142: $? = 0
configure:13142: ./conftest
configure:13142: $? = 0
configure:13157: result: 8
configure:13166: checking for unsigned long long int
configure:13208: gcc -o conftest -g -O2   conftest.c  >&5
configure:13208: $? = 0
configure:13218: result: yes
configure:13228: checking for long long int
configure:13270: gcc -o conftest -g -O2   conftest.c  >&5
configure:13270: $? = 0
configure:13270: ./conftest
configure:13270: $? = 0
configure:13283: result: yes
configure:13295: checking whether cpp computation of bit length in ftconfig.in works
configure:13351: result: yes
configure:13381: checking for special C compiler options needed for large files
configure:13429: result: no
configure:13435: checking for _FILE_OFFSET_BITS value needed for large files
configure:13461: gcc -c -g -O2  conftest.c >&5
configure:13461: $? = 0
configure:13495: result: no
configure:13594: checking for getpagesize
configure:13594: gcc -o conftest -g -O2   conftest.c  >&5
configure:13594: $? = 0
configure:13594: result: yes
configure:13605: checking for working mmap
configure:13757: gcc -o conftest -g -O2   conftest.c  >&5
configure:13757: $? = 0
configure:13757: ./conftest
configure:13757: $? = 0
configure:13768: result: yes
configure:13784: checking for gcc options needed to detect all undeclared functions
configure:13806: gcc -c -g -O2   conftest.c >&5
conftest.c: In function 'main':
conftest.c:34:8: error: 'strchr' undeclared (first use in this function)
   34 | (void) strchr;
      |        ^~~~~~
conftest.c:1:1: note: 'strchr' is defined in header '<string.h>'; did you forget to '#include <string.h>'?
    1 | /* confdefs.h */
conftest.c:34:8: note: each undeclared identifier is reported only once for each function it appears in
   34 | (void) strchr;
      |        ^~~~~~
configure:13806: $? = 1
configure: failed program was:
| /* confdefs.h */
| #define PACKAGE_NAME "FreeType"
| #define PACKAGE_TARNAME "freetype"
| #define PACKAGE_VERSION "2.9"
| #define PACKAGE_STRING "FreeType 2.9"
| #define PACKAGE_BUGREPORT "freetype@nongnu.org"
| #define PACKAGE_URL ""
| #define HAVE_STDIO_H 1
| #define HAVE_STDLIB_H 1
| #define HAVE_STRING_H 1
| #define HAVE_INTTYPES_H 1
| #define HAVE_STDINT_H 1
| #define HAVE_STRINGS_H 1
| #define HAVE_SYS_STAT_H 1
| #define HAVE_SYS_TYPES_H 1
| #define HAVE_UNISTD_H 1
| #define HAVE_SYS_PARAM_H 1
| #define STDC_HEADERS 1
| #define HAVE_DLFCN_H 1
| #define LT_OBJDIR ".libs/"
| #define HAVE_FCNTL_H 1
| #define HAVE_UNISTD_H 1
| #define SIZEOF_INT 4
| #define SIZEOF_LONG 8
| #define HAVE_UNSIGNED_LONG_LONG_INT 1
| #define HAVE_LONG_LONG_INT 1
| #define HAVE_GETPAGESIZE 1
| #define HAVE_MMAP 1
| /* end confdefs.h.  */
| 
| int
| main (void)
| {
| (void) strchr;
|   ;
|   return 0;
| }
configure:13833: gcc -c -g -O2   conftest.c >&5
configure:13833: $? = 0
configure:13850: result: none needed
configure:13864: checking whether munmap is declared
configure:13864: gcc -c -g -O2   conftest.c >&5
configure:13864: $? = 0
configure:13864: result: yes
configure:13882: checking for munmap's first parameter type
configure:13896: gcc -c -g -O2  conftest.c >&5
configure:13896: $? = 0
configure:13898: result: void *
configure:13912: checking for memcpy
configure:13912: gcc -o conftest -g -O2   conftest.c  >&5
conftest.c:48:6: warning: conflicting types for built-in function 'memcpy'; expected 'void *(void *, const void *, long unsigned int)' [-Wbuiltin-declaration-mismatch]
   48 | char memcpy ();
      |      ^~~~~~
conftest.c:40:1: note: 'memcpy' is declared in header '<string.h>'
   39 | #include <limits.h>
   40 | #undef memcpy
configure:13912: $? = 0
configure:13912: result: yes
configure:13918: checking for memmove
configure:13918: gcc -o conftest -g -O2   conftest.c  >&5
conftest.c:49:6: warning: conflicting types for built-in function 'memmove'; expected 'void *(void *, const void *, long unsigned int)' [-Wbuiltin-declaration-mismatch]
   49 | char memmove ();
      |      ^~~~~~~
conftest.c:41:1: note: 'memmove' is declared in header '<string.h>'
   40 | #include <limits.h>
   41 | #undef memmove
configure:13918: $? = 0
configure:13918: result: yes
configure:13968: checking gcc compiler flag -pedantic to assure ANSI C works correctly
configure:13995: gcc -c -g -O2  -pedantic  conftest.c >&5
configure:13995: $? = 0
configure:13997: result: ok, adding to XX_ANSIFLAGS
configure:13968: checking gcc compiler flag -ansi to assure ANSI C works correctly
configure:13995: gcc -c -g -O2  -pedantic -ansi  conftest.c >&5
configure:13995: $? = 0
configure:13997: result: ok, adding to XX_ANSIFLAGS
configure:14062: $PKG_CONFIG --exists --print-errors "$zlib_pkg"
configure:14065: $? = 0
configure:14072: checking for ZLIB
configure:14079: $PKG_CONFIG --exists --print-errors "$zlib_pkg"
configure:14082: $? = 0
configure:14096: $PKG_CONFIG --exists --print-errors "$zlib_pkg"
configure:14099: $? = 0
configure:14137: result: yes
configure:14233: $PKG_CONFIG --exists --print-errors "$bzip2_pkg"
Package bzip2 was not found in the pkg-config search path.
Perhaps you should add the directory containing `bzip2.pc'
to the PKG_CONFIG_PATH environment variable
No package 'bzip2' found
configure:14236: $? = 1
configure:14243: checking for BZIP2
configure:14250: $PKG_CONFIG --exists --print-errors "$bzip2_pkg"
Package bzip2 was not found in the pkg-config search path.
Perhaps you should add the directory containing `bzip2.pc'
to the PKG_CONFIG_PATH environment variable
No package 'bzip2' found
configure:14253: $? = 1
configure:14267: $PKG_CONFIG --exists --print-errors "$bzip2_pkg"
Package bzip2 was not found in the pkg-config search path.
Perhaps you should add the directory containing `bzip2.pc'
to the PKG_CONFIG_PATH environment variable
No package 'bzip2' found
configure:14270: $? = 1
configure:14284: result: no
No package 'bzip2' found
configure:14328: checking for BZ2_bzDecompress in -lbz2
configure:14351: gcc -o conftest -g -O2   conftest.c -lbz2   >&5
/usr/bin/ld: cannot find -lbz2: No such file or directory
collect2: error: ld returned 1 exit status
configure:14351: $? = 1
configure: failed program was:
| /* confdefs.h */
| #define PACKAGE_NAME "FreeType"
| #define PACKAGE_TARNAME "freetype"
| #define PACKAGE_VERSION "2.9"
| #define PACKAGE_STRING "FreeType 2.9"
| #define PACKAGE_BUGREPORT "freetype@nongnu.org"
| #define PACKAGE_URL ""
| #define HAVE_STDIO_H 1
| #define HAVE_STDLIB_H 1
| #define HAVE_STRING_H 1
| #define HAVE_INTTYPES_H 1
| #define HAVE_STDINT_H 1
| #define HAVE_STRINGS_H 1
| #define HAVE_SYS_STAT_H 1
| #define HAVE_SYS_TYPES_H 1
| #define HAVE_UNISTD_H 1
| #define HAVE_SYS_PARAM_H 1
| #define STDC_HEADERS 1
| #define HAVE_DLFCN_H 1
| #define LT_OBJDIR ".libs/"
| #define HAVE_FCNTL_H 1
| #define HAVE_UNISTD_H 1
| #define SIZEOF_INT 4
| #define SIZEOF_LONG 8
| #define HAVE_UNSIGNED_LONG_LONG_INT 1
| #define HAVE_LONG_LONG_INT 1
| #define HAVE_GETPAGESIZE 1
| #define HAVE_MMAP 1
| #define HAVE_DECL_MUNMAP 1
| #define MUNMAP_USES_VOIDP /**/
| #define HAVE_MEMCPY 1
| #define HAVE_MEMMOVE 1
| /* end confdefs.h.  */
| 
| /* Override any GCC internal prototype to avoid an error.
|    Use char because int might match the return type of a GCC
|    builtin and then its argument prototype would still apply.  */
| char BZ2_bzDecompress ();
| int
| main (void)
| {
| return BZ2_bzDecompress ();
|   ;
|   return 0;
| }
configure:14361: result: no
configure:14404: $PKG_CONFIG --exists --print-errors "$libpng_pkg"
Package libpng was not found in the pkg-config search path.
Perhaps you should add the directory containing `libpng.pc'
to the PKG_CONFIG_PATH environment variable
No package 'libpng' found
configure:14407: $? = 1
configure:14414: checking for LIBPNG
configure:14421: $PKG_CONFIG --exists --print-errors "$libpng_pkg"
Package libpng was not found in the pkg-config search path.
Perhaps you should add the directory containing `libpng.pc'
to the PKG_CONFIG_PATH environment variable
No package 'libpng' found
configure:14424: $? = 1
configure:14438: $PKG_CONFIG --exists --print-errors "$libpng_pkg"
Package libpng was not found in the pkg-config search path.
Perhaps you should add the directory containing `libpng.pc'
to the PKG_CONFIG_PATH environment variable
No package 'libpng' found
configure:14441: $? = 1
configure:14455: result: no
No package 'libpng' found
configure:14499: checking for libpng-config
configure:14510: result: no
configure:14541: $PKG_CONFIG --exists --print-errors "$harfbuzz_pkg"
Package harfbuzz was not found in the pkg-config search path.
Perhaps you should add the directory containing `harfbuzz.pc'
to the PKG_CONFIG_PATH environment variable
No package 'harfbuzz' found
configure:14544: $? = 1
configure:14551: checking for HARFBUZZ
configure:14558: $PKG_CONFIG --exists --print-errors "$harfbuzz_pkg"
Package harfbuzz was not found in the pkg-config search path.
Perhaps you should add the directory containing `harfbuzz.pc'
to the PKG_CONFIG_PATH environment variable
No package 'harfbuzz' found
configure:14561: $? = 1
configure:14575: $PKG_CONFIG --exists --print-errors "$harfbuzz_pkg"
Package harfbuzz was not found in the pkg-config search path.
Perhaps you should add the directory containing `harfbuzz.pc'
to the PKG_CONFIG_PATH environment variable
No package 'harfbuzz' found
configure:14578: $? = 1
configure:14592: result: no
No package 'harfbuzz' found
configure:14655: checking for library containing clock_gettime
configure:14685: gcc -o conftest -g -O2   conftest.c  >&5
configure:14685: $? = 0
configure:14705: result: none required
configure:15543: creating ./config.status

## ---------------------- ##
## Running config.status. ##
## ---------------------- ##

This file was extended by FreeType config.status 2.9, which was
generated by GNU Autoconf 2.71.  Invocation command line was

  CONFIG_FILES    = 
  CONFIG_HEADERS  = 
  CONFIG_LINKS    = 
  CONFIG_COMMANDS = 
  $ ./config.status 

on HTPH4Y2-2

config.status:1084: creating ftoption.h
config.status:1084: creating unix-cc.mk
config.status:1084: creating unix-def.mk
config.status:1084: creating ftconfig.h
config.status:1279: executing libtool commands
configure:17567:

Library configuration:
  external zlib: yes (pkg-config)
  bzip2:         no
  libpng:        no
  harfbuzz:      no


## ---------------- ##
## Cache variables. ##
## ---------------- ##

ac_cv_build=x86_64-pc-linux-gnu
ac_cv_c_compiler_gnu=yes
ac_cv_c_const=yes
ac_cv_c_undeclared_builtin_options='none needed'
ac_cv_env_BZIP2_CFLAGS_set=
ac_cv_env_BZIP2_CFLAGS_value=
ac_cv_env_BZIP2_LIBS_set=
ac_cv_env_BZIP2_LIBS_value=
ac_cv_env_CC_set=
ac_cv_env_CC_value=
ac_cv_env_CFLAGS_set=
ac_cv_env_CFLAGS_value=
ac_cv_env_CPPFLAGS_set=
ac_cv_env_CPPFLAGS_value=
ac_cv_env_CPP_set=
ac_cv_env_CPP_value=
ac_cv_env_HARFBUZZ_CFLAGS_set=
ac_cv_env_HARFBUZZ_CFLAGS_value=
ac_cv_env_HARFBUZZ_LIBS_set=
ac_cv_env_HARFBUZZ_LIBS_value=
ac_cv_env_LDFLAGS_set=
ac_cv_env_LDFLAGS_value=
ac_cv_env_LIBPNG_CFLAGS_set=
ac_cv_env_LIBPNG_CFLAGS_value=
ac_cv_env_LIBPNG_LIBS_set=
ac_cv_env_LIBPNG_LIBS_value=
ac_cv_env_LIBS_set=
ac_cv_env_LIBS_value=
ac_cv_env_LT_SYS_LIBRARY_PATH_set=
ac_cv_env_LT_SYS_LIBRARY_PATH_value=
ac_cv_env_PKG_CONFIG_LIBDIR_set=
ac_cv_env_PKG_CONFIG_LIBDIR_value=
ac_cv_env_PKG_CONFIG_PATH_set=
ac_cv_env_PKG_CONFIG_PATH_value=
ac_cv_env_PKG_CONFIG_set=
ac_cv_env_PKG_CONFIG_value=
ac_cv_env_ZLIB_CFLAGS_set=
ac_cv_env_ZLIB_CFLAGS_value=
ac_cv_env_ZLIB_LIBS_set=
ac_cv_env_ZLIB_LIBS_value=
ac_cv_env_build_alias_set=
ac_cv_env_build_alias_value=
ac_cv_env_host_alias_set=
ac_cv_env_host_alias_value=
ac_cv_env_target_alias_set=
ac_cv_env_target_alias_value=
ac_cv_func_getpagesize=yes
ac_cv_func_memcpy=yes
ac_cv_func_memmove=yes
ac_cv_func_mmap_fixed_mapped=yes
ac_cv_have_decl_munmap=yes
ac_cv_header_dlfcn_h=yes
ac_cv_header_fcntl_h=yes
ac_cv_header_inttypes_h=yes
ac_cv_header_stdint_h=yes
ac_cv_header_stdio_h=yes
ac_cv_header_stdlib_h=yes
ac_cv_header_string_h=yes
ac_cv_header_strings_h=yes
ac_cv_header_sys_param_h=yes
ac_cv_header_sys_stat_h=yes
ac_cv_header_sys_types_h=yes
ac_cv_header_unistd_h=yes
ac_cv_host=x86_64-pc-linux-gnu
ac_cv_lib_bz2_BZ2_bzDecompress=no
ac_cv_objext=o
ac_cv_path_EGREP='/usr/bin/grep -E'
ac_cv_path_FGREP='/usr/bin/grep -F'
ac_cv_path_GREP=/usr/bin/grep
ac_cv_path_SED=/usr/bin/sed
ac_cv_path_ac_pt_PKG_CONFIG=/usr/bin/pkg-config
ac_cv_path_install='/usr/bin/install -c'
ac_cv_path_lt_DD=/usr/bin/dd
ac_cv_path_mkdir=/usr/bin/mkdir
ac_cv_prog_AWK=gawk
ac_cv_prog_CPP='gcc -E'
ac_cv_prog_ac_ct_AR=ar
ac_cv_prog_ac_ct_CC=gcc
ac_cv_prog_ac_ct_MANIFEST_TOOL=mt
ac_cv_prog_ac_ct_OBJDUMP=objdump
ac_cv_prog_ac_ct_RANLIB=ranlib
ac_cv_prog_ac_ct_STRIP=strip
ac_cv_prog_cc_c11=
ac_cv_prog_cc_g=yes
ac_cv_prog_cc_stdc=
ac_cv_search_clock_gettime='none required'
ac_cv_sizeof_int=4
ac_cv_sizeof_long=8
ac_cv_sys_file_offset_bits=no
ac_cv_sys_largefile_CC=no
ac_cv_type_long_long_int=yes
ac_cv_type_unsigned_long_long_int=yes
lt_cv_ar_at_file=@
lt_cv_archive_cmds_need_lc=no
lt_cv_deplibs_check_method=pass_all
lt_cv_file_magic_cmd='$MAGIC_CMD'
lt_cv_file_magic_test_file=
lt_cv_ld_reload_flag=-r
lt_cv_nm_interface='BSD nm'
lt_cv_objdir=.libs
lt_cv_path_LD=/usr/bin/ld
lt_cv_path_NM='/usr/bin/nm -B'
lt_cv_path_mainfest_tool=no
lt_cv_prog_compiler_c_o=yes
lt_cv_prog_compiler_pic='-fPIC -DPIC'
lt_cv_prog_compiler_pic_works=yes
lt_cv_prog_compiler_rtti_exceptions=no
lt_cv_prog_compiler_static_works=yes
lt_cv_prog_gnu_ld=yes
lt_cv_sharedlib_from_linklib_cmd='printf %s\n'
lt_cv_shlibpath_overrides_runpath=yes
lt_cv_sys_global_symbol_pipe='sed -n -e '\''s/^.*[	 ]\([ABCDGIRSTW][ABCDGIRSTW]*\)[	 ][	 ]*\([_A-Za-z][_A-Za-z0-9]*\)$/\1 \2 \2/p'\'' | sed '\''/ __gnu_lto/d'\'''
lt_cv_sys_global_symbol_to_c_name_address='sed -n -e '\''s/^: \(.*\) .*$/  {"\1", (void *) 0},/p'\'' -e '\''s/^[ABCDGIRSTW][ABCDGIRSTW]* .* \(.*\)$/  {"\1", (void *) \&\1},/p'\'''
lt_cv_sys_global_symbol_to_c_name_address_lib_prefix='sed -n -e '\''s/^: \(.*\) .*$/  {"\1", (void *) 0},/p'\'' -e '\''s/^[ABCDGIRSTW][ABCDGIRSTW]* .* \(lib.*\)$/  {"\1", (void *) \&\1},/p'\'' -e '\''s/^[ABCDGIRSTW][ABCDGIRSTW]* .* \(.*\)$/  {"lib\1", (void *) \&\1},/p'\'''
lt_cv_sys_global_symbol_to_cdecl='sed -n -e '\''s/^T .* \(.*\)$/extern int \1();/p'\'' -e '\''s/^[ABCDGIRSTW][ABCDGIRSTW]* .* \(.*\)$/extern char \1;/p'\'''
lt_cv_sys_global_symbol_to_import=
lt_cv_sys_max_cmd_len=1572864
lt_cv_to_host_file_cmd=func_convert_file_noop
lt_cv_to_tool_file_cmd=func_convert_file_noop
lt_cv_truncate_bin='/usr/bin/dd bs=4096 count=1'
pkg_cv_ZLIB_CFLAGS=
pkg_cv_ZLIB_LIBS=-lz

## ----------------- ##
## Output variables. ##
## ----------------- ##

AR='ar'
AS='as'
AWK='gawk'
BZIP2_CFLAGS=''
BZIP2_LIBS=''
CC='gcc'
CC_BUILD='gcc'
CFLAGS='-g -O2 '
CPP='gcc -E'
CPPFLAGS=''
DEFS='-DHAVE_CONFIG_H'
DLLTOOL='false'
DSYMUTIL=''
DUMPBIN=''
ECHO_C=''
ECHO_N='-n'
ECHO_T=''
EGREP='/usr/bin/grep -E'
EXEEXT=''
EXEEXT_BUILD=''
FGREP='/usr/bin/grep -F'
FTSYS_SRC='$(BUILD_DIR)/ftsystem.c'
GREP='/usr/bin/grep'
HARFBUZZ_CFLAGS=''
HARFBUZZ_LIBS=''
INSTALL_DATA='${INSTALL} -m 644'
INSTALL_PROGRAM='${INSTALL}'
INSTALL_SCRIPT='${INSTALL}'
LD='/usr/bin/ld -m elf_x86_64'
LDFLAGS=' -lz'
LIBOBJS=''
LIBPNG_CFLAGS=''
LIBPNG_LIBS=''
LIBS=''
LIBSSTATIC_CONFIG='-lfreetype -lz'
LIBS_PRIVATE=''
LIBTOOL='$(SHELL) $(top_builddir)/libtool'
LIB_CLOCK_GETTIME=''
LIPO=''
LN_S='ln -s'
LTLIBOBJS=''
LT_SYS_LIBRARY_PATH=''
MANIFEST_TOOL=':'
MKDIR_P='/usr/bin/mkdir -p'
NM='/usr/bin/nm -B'
NMEDIT=''
OBJDUMP='objdump'
OBJEXT='o'
OTOOL64=''
OTOOL=''
PACKAGE_BUGREPORT='freetype@nongnu.org'
PACKAGE_NAME='FreeType'
PACKAGE_STRING='FreeType 2.9'
PACKAGE_TARNAME='freetype'
PACKAGE_URL=''
PACKAGE_VERSION='2.9'
PATH_SEPARATOR=':'
PKG_CONFIG='/usr/bin/pkg-config'
PKG_CONFIG_LIBDIR=''
PKG_CONFIG_PATH=''
RANLIB='ranlib'
REQUIRES_PRIVATE='zlib'
SED='/usr/bin/sed'
SHELL='/bin/sh'
STRIP='strip'
XX_ANSIFLAGS=' -pedantic -ansi'
XX_CFLAGS='-Wall'
ZLIB_CFLAGS=''
ZLIB_LIBS='-lz'
ac_ct_AR='ar'
ac_ct_CC='gcc'
ac_ct_DUMPBIN=''
bindir='${exec_prefix}/bin'
build='x86_64-pc-linux-gnu'
build_alias=''
build_cpu='x86_64'
build_libtool_libs=''
build_os='linux-gnu'
build_vendor='pc'
datadir='${datarootdir}'
datarootdir='${prefix}/share'
docdir='${datarootdir}/doc/${PACKAGE_TARNAME}'
dvidir='${docdir}'
exec_prefix='${prefix}'
ft_version='22.0.16'
ftmac_c=''
hardcode_libdir_flag_spec='$wl-rpath $wl$libdir'
host='x86_64-pc-linux-gnu'
host_alias=''
host_cpu='x86_64'
host_os='linux-gnu'
host_vendor='pc'
htmldir='${docdir}'
includedir='${prefix}/include'
infodir='${datarootdir}/info'
libdir='${exec_prefix}/lib'
libexecdir='${exec_prefix}/libexec'
localedir='${datarootdir}/locale'
localstatedir='${prefix}/var'
mandir='${datarootdir}/man'
oldincludedir='/usr/include'
pdfdir='${docdir}'
prefix='/home/uae/uae/bgmra/OSD/freetype2/freetype-2.9/install'
program_transform_name='s,x,x,'
psdir='${docdir}'
runstatedir='${localstatedir}/run'
sbindir='${exec_prefix}/sbin'
sharedstatedir='${prefix}/com'
sysconfdir='${prefix}/etc'
target_alias=''
version_info='22:0:16'
wl='-Wl,'

## ----------- ##
## confdefs.h. ##
## ----------- ##

/* confdefs.h */
#define PACKAGE_NAME "FreeType"
#define PACKAGE_TARNAME "freetype"
#define PACKAGE_VERSION "2.9"
#define PACKAGE_STRING "FreeType 2.9"
#define PACKAGE_BUGREPORT "freetype@nongnu.org"
#define PACKAGE_URL ""
#define HAVE_STDIO_H 1
#define HAVE_STDLIB_H 1
#define HAVE_STRING_H 1
#define HAVE_INTTYPES_H 1
#define HAVE_STDINT_H 1
#define HAVE_STRINGS_H 1
#define HAVE_SYS_STAT_H 1
#define HAVE_SYS_TYPES_H 1
#define HAVE_UNISTD_H 1
#define HAVE_SYS_PARAM_H 1
#define STDC_HEADERS 1
#define HAVE_DLFCN_H 1
#define LT_OBJDIR ".libs/"
#define HAVE_FCNTL_H 1
#define HAVE_UNISTD_H 1
#define SIZEOF_INT 4
#define SIZEOF_LONG 8
#define HAVE_UNSIGNED_LONG_LONG_INT 1
#define HAVE_LONG_LONG_INT 1
#define HAVE_GETPAGESIZE 1
#define HAVE_MMAP 1
#define HAVE_DECL_MUNMAP 1
#define MUNMAP_USES_VOIDP /**/
#define HAVE_MEMCPY 1
#define HAVE_MEMMOVE 1

configure: exit 0
